2018-06-11 16:34:21,905 [Worker-3] INFO  c.g.t.t.d.PublishedGradleVersions - Gradle version information cache is up-to-date. Trying to read.
2018-06-11 16:36:33,576 [Worker-8] INFO  o.e.m.c.i.l.LifecycleMappingFactory - Using org.eclipse.m2e.jdt.JarLifecycleMapping lifecycle mapping for MavenProject: com.apress:quick-poll:0.0.1-SNAPSHOT @ C:\Users\abs\Desktop\Java_WEB\QuickPoll\quick-poll\pom.xml.
2018-06-11 16:36:37,971 [Worker-8] INFO  o.e.m.j.i.AbstractJavaProjectConfigurator - Adding source folder /quick-poll/src/main/java
2018-06-11 16:36:37,973 [Worker-8] INFO  o.e.m.j.i.AbstractJavaProjectConfigurator - Adding resource folder /quick-poll/src/main/resources
2018-06-11 16:36:37,985 [Worker-8] INFO  o.e.m.j.i.AbstractJavaProjectConfigurator - Adding resource folder /quick-poll/src/main/resources
2018-06-11 16:36:38,005 [Worker-8] INFO  o.e.m.j.i.AbstractJavaProjectConfigurator - Adding source folder /quick-poll/src/test/java
2018-06-11 16:36:39,220 [Worker-8] INFO  o.e.m.c.i.p.ProjectConfigurationManager - Imported and configured 1 project(s) in 10 sec
2018-06-11 16:36:39,222 [Worker-8] INFO  o.e.m.c.i.p.ProjectConfigurationManager - Update started
2018-06-11 16:36:39,791 [Worker-8] INFO  o.e.m.c.i.l.LifecycleMappingFactory - Using org.eclipse.m2e.jdt.JarLifecycleMapping lifecycle mapping for MavenProject: com.apress:quick-poll:0.0.1-SNAPSHOT @ C:\Users\abs\Desktop\Java_WEB\QuickPoll\quick-poll\pom.xml.
2018-06-11 16:36:40,611 [Worker-8] INFO  o.e.m.j.i.AbstractJavaProjectConfigurator - Adding source folder /quick-poll/src/main/java
2018-06-11 16:36:40,611 [Worker-8] INFO  o.e.m.j.i.AbstractJavaProjectConfigurator - Adding resource folder /quick-poll/src/main/resources
2018-06-11 16:36:40,611 [Worker-8] INFO  o.e.m.j.i.AbstractJavaProjectConfigurator - Adding resource folder /quick-poll/src/main/resources
2018-06-11 16:36:40,612 [Worker-8] INFO  o.e.m.j.i.AbstractJavaProjectConfigurator - Adding source folder /quick-poll/src/test/java
2018-06-11 16:36:41,148 [Worker-8] INFO  o.e.m.c.i.p.ProjectConfigurationManager - Update completed: 1 sec
2018-06-11 16:36:43,970 [Worker-8] INFO  o.e.m.c.i.embedder.EclipseLogger - Using 'UTF-8' encoding to copy filtered resources.
2018-06-11 16:36:43,975 [Worker-8] INFO  o.e.m.c.i.embedder.EclipseLogger - Copying 1 resource
2018-06-11 16:36:43,988 [Worker-8] INFO  o.e.m.c.i.embedder.EclipseLogger - Copying 0 resource
2018-06-11 16:36:43,991 [Worker-8] INFO  o.e.m.c.i.embedder.EclipseLogger - Using 'UTF-8' encoding to copy filtered resources.
2018-06-11 16:36:43,991 [Worker-8] INFO  o.e.m.c.i.embedder.EclipseLogger - skip non existing resourceDirectory C:\Users\abs\Desktop\Java_WEB\QuickPoll\quick-poll\src\test\resources
2018-06-11 16:37:30,906 [Worker-6] INFO  o.e.m.c.i.embedder.EclipseLogger - Using 'UTF-8' encoding to copy filtered resources.
2018-06-11 16:37:30,909 [Worker-6] INFO  o.e.m.c.i.embedder.EclipseLogger - Copying 0 resource
2018-06-11 16:37:30,909 [Worker-6] INFO  o.e.m.c.i.embedder.EclipseLogger - Copying 0 resource
2018-06-11 16:37:30,911 [Worker-6] INFO  o.e.m.c.i.embedder.EclipseLogger - Using 'UTF-8' encoding to copy filtered resources.
2018-06-11 16:37:30,912 [Worker-6] INFO  o.e.m.c.i.embedder.EclipseLogger - skip non existing resourceDirectory C:\Users\abs\Desktop\Java_WEB\QuickPoll\quick-poll\src\test\resources
2018-06-11 16:38:12,791 [Worker-4] INFO  o.e.m.c.i.embedder.EclipseLogger - Using 'UTF-8' encoding to copy filtered resources.
2018-06-11 16:38:12,791 [Worker-4] INFO  o.e.m.c.i.embedder.EclipseLogger - Copying 0 resource
2018-06-11 16:38:12,791 [Worker-4] INFO  o.e.m.c.i.embedder.EclipseLogger - Copying 0 resource
2018-06-11 16:38:12,793 [Worker-4] INFO  o.e.m.c.i.embedder.EclipseLogger - Using 'UTF-8' encoding to copy filtered resources.
2018-06-11 16:38:12,793 [Worker-4] INFO  o.e.m.c.i.embedder.EclipseLogger - skip non existing resourceDirectory C:\Users\abs\Desktop\Java_WEB\QuickPoll\quick-poll\src\test\resources
2018-06-11 16:38:34,609 [Worker-6] INFO  o.e.m.c.i.embedder.EclipseLogger - Using 'UTF-8' encoding to copy filtered resources.
2018-06-11 16:38:34,609 [Worker-6] INFO  o.e.m.c.i.embedder.EclipseLogger - Copying 0 resource
2018-06-11 16:38:34,609 [Worker-6] INFO  o.e.m.c.i.embedder.EclipseLogger - Copying 0 resource
2018-06-11 16:38:34,611 [Worker-6] INFO  o.e.m.c.i.embedder.EclipseLogger - Using 'UTF-8' encoding to copy filtered resources.
2018-06-11 16:38:34,611 [Worker-6] INFO  o.e.m.c.i.embedder.EclipseLogger - skip non existing resourceDirectory C:\Users\abs\Desktop\Java_WEB\QuickPoll\quick-poll\src\test\resources
2018-06-11 16:41:27,257 [Worker-19] INFO  o.e.m.c.i.embedder.EclipseLogger - Using 'UTF-8' encoding to copy filtered resources.
2018-06-11 16:41:27,261 [Worker-19] INFO  o.e.m.c.i.embedder.EclipseLogger - Copying 1 resource
2018-06-11 16:41:27,263 [Worker-19] INFO  o.e.m.c.i.embedder.EclipseLogger - Copying 0 resource
2018-06-11 16:41:27,266 [Worker-19] INFO  o.e.m.c.i.embedder.EclipseLogger - Using 'UTF-8' encoding to copy filtered resources.
2018-06-11 16:41:27,266 [Worker-19] INFO  o.e.m.c.i.embedder.EclipseLogger - skip non existing resourceDirectory C:\Users\abs\Desktop\Java_WEB\QuickPoll\quick-poll\src\test\resources
2018-06-11 16:41:34,395 [Worker-22] INFO  o.e.m.c.i.p.ProjectConfigurationManager - Update started
2018-06-11 16:41:34,846 [Worker-22] INFO  o.e.m.c.i.l.LifecycleMappingFactory - Using org.eclipse.m2e.jdt.JarLifecycleMapping lifecycle mapping for MavenProject: com.apress:quick-poll:0.0.1-SNAPSHOT @ C:\Users\abs\Desktop\Java_WEB\QuickPoll\quick-poll\pom.xml.
2018-06-11 16:41:35,193 [Worker-22] INFO  o.e.m.j.i.AbstractJavaProjectConfigurator - Adding source folder /quick-poll/src/main/java
2018-06-11 16:41:35,193 [Worker-22] INFO  o.e.m.j.i.AbstractJavaProjectConfigurator - Adding resource folder /quick-poll/src/main/resources
2018-06-11 16:41:35,194 [Worker-22] INFO  o.e.m.j.i.AbstractJavaProjectConfigurator - Adding resource folder /quick-poll/src/main/resources
2018-06-11 16:41:35,194 [Worker-22] INFO  o.e.m.j.i.AbstractJavaProjectConfigurator - Adding source folder /quick-poll/src/test/java
2018-06-11 16:41:35,313 [Worker-22] INFO  o.e.m.c.i.p.ProjectConfigurationManager - Update completed: 0 sec
2018-06-11 16:41:36,256 [Worker-22] INFO  o.e.m.c.i.embedder.EclipseLogger - Using 'UTF-8' encoding to copy filtered resources.
2018-06-11 16:41:36,257 [Worker-22] INFO  o.e.m.c.i.embedder.EclipseLogger - Copying 1 resource
2018-06-11 16:41:36,273 [Worker-22] INFO  o.e.m.c.i.embedder.EclipseLogger - Copying 0 resource
2018-06-11 16:41:36,276 [Worker-22] INFO  o.e.m.c.i.embedder.EclipseLogger - Using 'UTF-8' encoding to copy filtered resources.
2018-06-11 16:41:36,277 [Worker-22] INFO  o.e.m.c.i.embedder.EclipseLogger - skip non existing resourceDirectory C:\Users\abs\Desktop\Java_WEB\QuickPoll\quick-poll\src\test\resources
2018-06-11 16:41:56,375 [Worker-22] INFO  o.e.m.c.i.embedder.EclipseLogger - Using 'UTF-8' encoding to copy filtered resources.
2018-06-11 16:41:56,377 [Worker-22] INFO  o.e.m.c.i.embedder.EclipseLogger - Copying 0 resource
2018-06-11 16:41:56,378 [Worker-22] INFO  o.e.m.c.i.embedder.EclipseLogger - Copying 0 resource
2018-06-11 16:41:56,381 [Worker-22] INFO  o.e.m.c.i.embedder.EclipseLogger - Using 'UTF-8' encoding to copy filtered resources.
2018-06-11 16:41:56,381 [Worker-22] INFO  o.e.m.c.i.embedder.EclipseLogger - skip non existing resourceDirectory C:\Users\abs\Desktop\Java_WEB\QuickPoll\quick-poll\src\test\resources
2018-06-11 16:42:02,019 [Worker-23] INFO  o.e.m.c.i.embedder.EclipseLogger - Using 'UTF-8' encoding to copy filtered resources.
2018-06-11 16:42:02,020 [Worker-23] INFO  o.e.m.c.i.embedder.EclipseLogger - Copying 0 resource
2018-06-11 16:42:02,020 [Worker-23] INFO  o.e.m.c.i.embedder.EclipseLogger - Copying 0 resource
2018-06-11 16:42:02,023 [Worker-23] INFO  o.e.m.c.i.embedder.EclipseLogger - Using 'UTF-8' encoding to copy filtered resources.
2018-06-11 16:42:02,023 [Worker-23] INFO  o.e.m.c.i.embedder.EclipseLogger - skip non existing resourceDirectory C:\Users\abs\Desktop\Java_WEB\QuickPoll\quick-poll\src\test\resources
